230128 16:16:45 mysqld_safe Logging to '/var/lib/mysql/mysql-7846bf85f4-mkrq8.err'.
230128 16:16:45 mysqld_safe Starting mysqld daemon with databases from /var/lib/mysql
2023-01-28 16:16:46 0 [Warning] TIMESTAMP with implicit DEFAULT value is deprecated. Please use --explicit_defaults_for_timestamp server option (see documentation for more details).
2023-01-28 16:16:46 0 [Note] /usr/sbin/mysqld (mysqld 5.6.51) starting as process 287 ...
2023-01-28 16:16:46 287 [Note] Plugin 'FEDERATED' is disabled.
2023-01-28 16:16:46 287 [Note] InnoDB: Using atomics to ref count buffer pool pages
2023-01-28 16:16:46 287 [Note] InnoDB: The InnoDB memory heap is disabled
2023-01-28 16:16:46 287 [Note] InnoDB: Mutexes and rw_locks use GCC atomic builtins
2023-01-28 16:16:46 287 [Note] InnoDB: Memory barrier is not used
2023-01-28 16:16:46 287 [Note] InnoDB: Compressed tables use zlib 1.2.11
2023-01-28 16:16:46 287 [Note] InnoDB: Using Linux native AIO
2023-01-28 16:16:46 287 [Note] InnoDB: Using CPU crc32 instructions
2023-01-28 16:16:46 287 [Note] InnoDB: Initializing buffer pool, size = 128.0M
2023-01-28 16:16:46 287 [Note] InnoDB: Completed initialization of buffer pool
2023-01-28 16:16:46 287 [Note] InnoDB: Highest supported file format is Barracuda.
2023-01-28 16:16:46 287 [Note] InnoDB: The log sequence numbers 1626007 and 1626007 in ibdata files do not match the log sequence number 1634057 in the ib_logfiles!
2023-01-28 16:16:46 287 [Note] InnoDB: Database was not shutdown normally!
2023-01-28 16:16:46 287 [Note] InnoDB: Starting crash recovery.
2023-01-28 16:16:46 287 [Note] InnoDB: Reading tablespace information from the .ibd files...
2023-01-28 16:16:46 287 [Note] InnoDB: Restoring possible half-written data pages 
2023-01-28 16:16:46 287 [Note] InnoDB: from the doublewrite buffer...
2023-01-28 16:16:46 287 [Note] InnoDB: 128 rollback segment(s) are active.
2023-01-28 16:16:46 287 [Note] InnoDB: Waiting for purge to start
2023-01-28 16:16:47 287 [Note] InnoDB: 5.6.51 started; log sequence number 1634057
2023-01-28 16:16:47 287 [Note] RSA private key file not found: /var/lib/mysql//private_key.pem. Some authentication plugins will not work.
2023-01-28 16:16:47 287 [Note] RSA public key file not found: /var/lib/mysql//public_key.pem. Some authentication plugins will not work.
2023-01-28 16:16:47 287 [Note] Server hostname (bind-address): '*'; port: 3306
2023-01-28 16:16:47 287 [Note] IPv6 is available.
2023-01-28 16:16:47 287 [Note]   - '::' resolves to '::';
2023-01-28 16:16:47 287 [Note] Server socket created on IP: '::'.
2023-01-28 16:16:47 287 [Warning] Insecure configuration for --pid-file: Location '/var/run/mysqld' in the path is accessible to all OS users. Consider choosing a different directory.
2023-01-28 16:16:47 287 [Warning] 'proxies_priv' entry '@ root@mysql-79c4686d65-tcnv9' ignored in --skip-name-resolve mode.
2023-01-28 16:16:47 287 [Note] Event Scheduler: Loaded 0 events
2023-01-28 16:16:47 287 [Note] /usr/sbin/mysqld: ready for connections.
Version: '5.6.51'  socket: '/var/run/mysqld/mysqld.sock'  port: 3306  MySQL Community Server (GPL)
